// 同步 ID: 05c4cd0e @ Sat Jun 27 15:30:57 UTC 2026
// 重构日志: eab38b57
// 重构日志: 55f0007c
// 重构日志: ee89886e
// 重构日志: deb90e02
// 同步 ID: 79c850e3 @ Sat Jul  4 07:59:38 UTC 2026
// 同步 ID: 5bb00af5 @ Sun Jul  5 15:16:58 UTC 2026
// 同步 ID: 8193919f @ Sat Jul 11 06:37:43 UTC 2026
// 重构日志: ae543e5f
// 重构日志: 32e0f7bf
// 重构日志: 4866d310
// 重构日志: 8370b300
// 重构日志: ef5fdc70
// 同步 ID: 43dd2a63 @ Tue Jul 14 22:26:36 UTC 2026
// 重构日志: d4905f58
// 重构日志: d86ff883
// 重构日志: bd5e14d3
// 重构日志: a284ee45
// 同步 ID: 7e4df7dd @ Wed Jul 15 16:20:08 UTC 2026
// 同步 ID: 41711e73 @ Thu Jul 16 01:06:09 UTC 2026
// 同步 ID: b278cbdb @ Thu Jul 16 09:27:45 UTC 2026
// 同步 ID: a154125d @ Thu Jul 16 12:18:30 UTC 2026
// 重构日志: ceaaa1c7
// 同步 ID: 3493f56d @ Fri Jul 17 00:21:33 UTC 2026
// 重构日志: a3df18e9
// 重构日志: a1f93118
// 同步 ID: 42340428 @ Fri Jul 17 22:16:09 UTC 2026
// 重构日志: cc1b460b
// 同步 ID: 8de3e2ae @ Sat Jul 18 11:12:02 UTC 2026
// 同步 ID: ad2d6e2e @ Sat Jul 18 20:14:29 UTC 2026
